d:\downloads\test\lab\debug\vc145.pdb
d:\downloads\test\lab\debug\vc145.idb
d:\downloads\test\lab\debug\glfwtest.obj
d:\downloads\test\lab\debug\imgui_widgets.obj
d:\downloads\test\lab\debug\imgui_tables.obj
d:\downloads\test\lab\debug\imgui_draw.obj
d:\downloads\test\lab\debug\imgui_demo.obj
d:\downloads\test\lab\debug\imgui.obj
d:\downloads\test\lab\debug\lab.ilk
d:\downloads\test\debug\lab.pdb
d:\downloads\test\lab\debug\lab.tlog\cl.command.1.tlog
d:\downloads\test\lab\debug\lab.tlog\cl.items.tlog
d:\downloads\test\lab\debug\lab.tlog\cl.read.1.tlog
d:\downloads\test\lab\debug\lab.tlog\cl.write.1.tlog
d:\downloads\test\lab\debug\lab.tlog\link.28948-cvtres.read.1.tlog
d:\downloads\test\lab\debug\lab.tlog\link.28948-cvtres.write.1.tlog
d:\downloads\test\lab\debug\lab.tlog\link.28948-rc.read.1.tlog
d:\downloads\test\lab\debug\lab.tlog\link.28948-rc.write.1.tlog
d:\downloads\test\lab\debug\lab.tlog\link.28948.read.1.tlog
d:\downloads\test\lab\debug\lab.tlog\link.28948.write.1.tlog
d:\downloads\test\lab\debug\lab.tlog\link.command.1.tlog
d:\downloads\test\lab\debug\lab.tlog\link.read.1.tlog
d:\downloads\test\lab\debug\lab.tlog\link.secondary.1.tlog
d:\downloads\test\lab\debug\lab.tlog\link.write.1.tlog
